<testsuite failures="1" name="restfulbooker/createbooking/createBooking.feature" skipped="0" tests="1" time="0">
  <testcase classname="restfulbooker.createbooking.createBooking" name="Verify correct request to create a reservation receive 200" time="0">
    <failure message="createBooking.feature:8 - failed to construct class by name: karate-http.properties not found, aborting">* scenario init failed .................................................... failed

Stack Trace:
com.intuit.karate.exception.KarateException: createBooking.feature:8 - failed to construct class by name: karate-http.properties not found, aborting
	at âœ½.* scenario init failed (createBooking.feature:8)</failure>
  </testcase>
</testsuite>
