<testsuite failures="1" name="restfulbooker/createtoken/createToken.feature" skipped="0" tests="1" time="0">
  <testcase classname="restfulbooker.createtoken.createToken" name="Verify that when sending the request with the correct username and password, you receive cod 200" time="0">
    <failure message="createToken.feature:8 - failed to construct class by name: karate-http.properties not found, aborting">* scenario init failed .................................................... failed

Stack Trace:
com.intuit.karate.exception.KarateException: createToken.feature:8 - failed to construct class by name: karate-http.properties not found, aborting
	at âœ½.* scenario init failed (createToken.feature:8)</failure>
  </testcase>
</testsuite>
